warning: This matches! macro use can be rewritten to matches!(obj, A | B)
  --> $DIR/main.rs:4:8
   |
LL |     if matches!(x, 123) | matches!(x, 256) {
   |        ^^^^^^^^^^^^^^^^^^^^^^^^^^^^^^^^^^^
   |
   = note: `#[warn(incorrect_matches_operation)]` on by default

warning: This matches! macro use can be rewritten to matches!(obj, A | B)
  --> $DIR/main.rs:8:8
   |
LL |     if matches!(x, 123) || matches!(x, 256) {
   |        ^^^^^^^^^^^^^^^^^^^^^^^^^^^^^^^^^^^^

warning: Is this a bug? matches!(obj, A) && matches!(obj, B) is (almost) always false
  --> $DIR/main.rs:12:8
   |
LL |     if matches!(x, 123) && matches!(x, 256) {
   |        ^^^^^^^^^^^^^^^^^^^^^^^^^^^^^^^^^^^^

warning: Is this a bug? matches!(obj, A) & matches!(obj, B) is (almost) always false
  --> $DIR/main.rs:16:8
   |
LL |     if matches!(x, 123) & matches!(x, 256) {
   |        ^^^^^^^^^^^^^^^^^^^^^^^^^^^^^^^^^^^

warning: This matches! macro use can be rewritten to matches!(obj, A | B)
  --> $DIR/main.rs:21:14
   |
LL |     let _b = matches!(x, 1) | matches!(x, 2);
   |              ^^^^^^^^^^^^^^^^^^^^^^^^^^^^^^^

warning: This matches! macro use can be rewritten to matches!(obj, A | B)
  --> $DIR/main.rs:37:13
   |
LL |     let a = matches!(x, 1) | matches!(x, 2 if false);
   |             ^^^^^^^^^^^^^^^^^^^^^^^^^^^^^^^^^^^^^^^^

warning: 6 warnings emitted

