error: reassigning the same array position without using it
  --> $DIR/main.rs:12:12
   |
LL |     arr[0] = v;
   |            ^
   |
help: original assignment was here
  --> $DIR/main.rs:8:12
   |
LL |     arr[0] = v;
   |            ^
   = note: `-D basic-dead-store` implied by `-D warnings`
   = help: to override `-D warnings` add `#[allow(basic_dead_store)]`

error: reassigning the same array position without using it
  --> $DIR/main.rs:37:12
   |
LL |     arr[0] = v;
   |            ^
   |
help: original assignment was here
  --> $DIR/main.rs:33:12
   |
LL |     arr[0] = v;
   |            ^

error: reassigning the same array position without using it
  --> $DIR/main.rs:45:12
   |
LL |     arr[0] = 3;
   |            ^
   |
help: original assignment was here
  --> $DIR/main.rs:42:12
   |
LL |     arr[0] = 1;
   |            ^

error: aborting due to 3 previous errors

