warning: unnamed constant
  --> $DIR/main.rs:4:11
   |
LL |     x *= -1000;
   |           ^^^^
   |
   = help: give the constant a name and use that instead
   = note: `#[warn(unnamed_constant)]` on by default

warning: unnamed constant
  --> $DIR/main.rs:5:10
   |
LL |     x *= 1000;
   |          ^^^^
   |
   = help: give the constant a name and use that instead

warning: unnamed constant
  --> $DIR/main.rs:9:11
   |
LL |     x *= -999;
   |           ^^^
   |
   = help: give the constant a name and use that instead

warning: unnamed constant
  --> $DIR/main.rs:10:10
   |
LL |     x *= 999;
   |          ^^^
   |
   = help: give the constant a name and use that instead

warning: 4 warnings emitted

