warning: commented out code
  --> $DIR/main.rs:6:5
   |
LL |     // dbg!(x);
   |     ^^^^^^^^^^^
   |
   = help: uncomment or remove
   = note: `#[warn(commented_code)]` on by default

warning: commented out code
  --> $DIR/main.rs:10:5
   |
LL |     /* dbg!(x); */
   |     ^^^^^^^^^^^^^^
   |
   = help: uncomment or remove

warning: commented out code
  --> $DIR/main.rs:14:5
   |
LL |     // dbg!(x);
   |     ^^^^^^^^^^^
   |
   = help: uncomment or remove

warning: commented out code
  --> $DIR/main.rs:18:5
   |
LL |     /* dbg!(y); */
   |     ^^^^^^^^^^^^^^
   |
   = help: uncomment or remove

warning: commented out code
  --> $DIR/main.rs:22:5
   |
LL | /     /*
LL | |         dbg!(x);
LL | |         dbg!(y);
LL | |     */
   | |______^
   |
   = help: uncomment or remove

warning: commented out code
  --> $DIR/main.rs:49:5
   |
LL |     // dbg!(x);
   |     ^^^^^^^^^^^
   |
   = help: uncomment or remove

warning: 6 warnings emitted

