warning: referenced path does not exist
  --> $DIR/main.rs:2:8
   |
LL | // See ../nonexistent/path/file.rs
   |        ^^^^^^^^^^^^^^^^^^^^^^^^^^^
   |
   = help: verify the path is correct or remove the reference
   = note: `#[warn(nonexistent_path_in_comment)]` on by default

warning: referenced path does not exist
  --> $DIR/main.rs:15:13
   |
LL | // The span ./ido/not/exist.rs only points to the path
   |             ^^^^^^^^^^^^^^^^^^
   |
   = help: verify the path is correct or remove the reference

warning: referenced path does not exist
  --> $DIR/main.rs:24:8
   |
LL | // See ../nonexistent/path/file.rs:1:1
   |        ^^^^^^^^^^^^^^^^^^^^^^^^^^^
   |
   = help: verify the path is correct or remove the reference

warning: referenced path does not exist
  --> $DIR/main.rs:27:8
   |
LL | // See ../nonexistent:directory:with:colons/file.rs:1:1
   |        ^^^^^^^^^^^^^^^^^^^^^^^^^^^^^^^^^^^^^^^^^^^^
   |
   = help: verify the path is correct or remove the reference

warning: referenced path does not exist
  --> $DIR/main.rs:8:8
   |
LL |    See ../another/nonexistent/path/file.go
   |        ^^^^^^^^^^^^^^^^^^^^^^^^^^^^^^^^^^^
   |
   = help: verify the path is correct or remove the reference

warning: 5 warnings emitted

