error: this Span guard is held across an 'await' point. Consider using the `.instrument()` combinator or the `.in_scope()` method instead
  --> $DIR/main.rs:20:9
   |
LL |     let _guard = span.enter();
   |         ^^^^^^
   |
   = note: `-D await-holding-span-guard` implied by `-D warnings`
note: these are all the await points this ref is held through
  --> $DIR/main.rs:20:5
   |
LL | /     let _guard = span.enter();
LL | |     bar().await;
LL | | }
   | |_^

error: this Span guard is held across an 'await' point. Consider using the `.instrument()` combinator or the `.in_scope()` method instead
  --> $DIR/main.rs:27:9
   |
LL |     let _guard = span.entered();
   |         ^^^^^^
   |
note: these are all the await points this ref is held through
  --> $DIR/main.rs:27:5
   |
LL | /     let _guard = span.entered();
LL | |     bar().await;
LL | | }
   | |_^

error: this Span guard is held across an 'await' point. Consider using the `.instrument()` combinator or the `.in_scope()` method instead
  --> $DIR/main.rs:35:13
   |
LL |         let _guard = span.enter();
   |             ^^^^^^
   |
note: these are all the await points this ref is held through
  --> $DIR/main.rs:35:9
   |
LL | /         let _guard = span.enter();
LL | |         bar().await
LL | |     }
   | |_____^

error: aborting due to 3 previous errors

