error: the receiver implements the required traits
  --> $DIR/general.rs:29:35
   |
LL |     let _ = std::fs::write("x", "".to_owned());
   |                                   ^^^^^^^^^^^ help: remove this
   |
   = note: `-D unnecessary-conversion-for-trait` implied by `-D warnings`
   = help: to override `-D warnings` add `#[allow(unnecessary_conversion_for_trait)]`

error: the receiver implements the required traits
  --> $DIR/general.rs:31:35
   |
LL |     let _ = std::fs::write("x", "".to_string());
   |                                   ^^^^^^^^^^^^ help: remove this

error: the inner argument implements the required traits
  --> $DIR/general.rs:33:33
   |
LL |     let _ = std::fs::write("x", <_ as Borrow<str>>::borrow(&s));
   |                                 ^^^^^^^^^^^^^^^^^^^^^^^^^^^^^^ help: use: `&s`

error: the inner argument implements the required traits
  --> $DIR/general.rs:35:10
   |
LL |     read(<_ as BorrowMut<&[u8]>>::borrow_mut(&mut readable));
   |          ^^^^^^^^^^^^^^^^^^^^^^^^^^^^^^^^^^^^^^^^^^^^^^^^^^ help: use: `&mut readable`

error: the inner argument implements the required traits
  --> $DIR/general.rs:36:10
   |
LL |     read(<_ as BorrowMut<Box<_>>>::borrow_mut(&mut readable));
   |          ^^^^^^^^^^^^^^^^^^^^^^^^^^^^^^^^^^^^^^^^^^^^^^^^^^^ help: use: `&mut readable`

error: the receiver implements the required traits
  --> $DIR/general.rs:38:10
   |
LL |     read(readable.as_mut());
   |          ^^^^^^^^^^^^^^^^^ help: use: `&mut readable`

error: the inner argument implements the required traits
  --> $DIR/general.rs:40:33
   |
LL |     let _ = std::fs::write("x", <_ as AsRef<[u8]>>::as_ref(""));
   |                                 ^^^^^^^^^^^^^^^^^^^^^^^^^^^^^^ help: use: `""`

error: the inner argument implements the required traits
  --> $DIR/general.rs:41:33
   |
LL |     let _ = std::fs::write("x", <_ as AsRef<str>>::as_ref(""));
   |                                 ^^^^^^^^^^^^^^^^^^^^^^^^^^^^^ help: use: `""`

error: the receiver implements the required traits
  --> $DIR/general.rs:43:33
   |
LL |     let _ = std::fs::write("x", s.deref());
   |                                 ^^^^^^^^^ help: use: `&s`

error: the receiver implements the required traits
  --> $DIR/general.rs:45:10
   |
LL |     read(readable.deref_mut());
   |          ^^^^^^^^^^^^^^^^^^^^ help: use: `&mut readable`

error: the receiver implements the required traits
  --> $DIR/general.rs:49:60
   |
LL |     let _ = std::fs::write("x", (Box::new([]) as Box<[u8]>).into_vec());
   |                                                            ^^^^^^^^^^^ help: remove this

error: the receiver implements the required traits
  --> $DIR/general.rs:50:47
   |
LL |     let _ = std::fs::write("x", (&[] as &[u8]).to_vec());
   |                                               ^^^^^^^^^ help: remove this

error: the receiver implements the required traits
  --> $DIR/general.rs:52:31
   |
LL |     let _ = is_empty(s.clone().into_boxed_str().into_boxed_bytes());
   |                               ^^^^^^^^^^^^^^^^^^^^^^^^^^^^^^^^^^^^ help: remove this

error: the receiver implements the required traits
  --> $DIR/general.rs:53:31
   |
LL |     let _ = is_empty(s.clone().into_boxed_str().into_string());
   |                               ^^^^^^^^^^^^^^^^^^^^^^^^^^^^^^^ help: remove this

error: the receiver implements the required traits
  --> $DIR/general.rs:55:33
   |
LL |     let _ = std::fs::write("x", s.as_bytes());
   |                                 ^^^^^^^^^^^^ help: use: `&s`

error: the receiver implements the required traits
  --> $DIR/general.rs:56:33
   |
LL |     let _ = std::fs::write("x", s.as_mut_str());
   |                                 ^^^^^^^^^^^^^^ help: use: `&mut s`

error: the receiver implements the required traits
  --> $DIR/general.rs:57:33
   |
LL |     let _ = std::fs::write("x", s.as_str());
   |                                 ^^^^^^^^^^ help: use: `&s`

error: the receiver implements the required traits
  --> $DIR/general.rs:58:31
   |
LL |     let _ = is_empty(s.clone().into_boxed_str());
   |                               ^^^^^^^^^^^^^^^^^ help: remove this

error: the receiver implements the required traits
  --> $DIR/general.rs:59:42
   |
LL |     let _ = std::fs::write("x", s.clone().into_bytes());
   |                                          ^^^^^^^^^^^^^ help: remove this

error: the receiver implements the required traits
  --> $DIR/general.rs:61:33
   |
LL |     let _ = std::fs::write("x", vec.as_mut_slice());
   |                                 ^^^^^^^^^^^^^^^^^^ help: use: `&mut vec`

error: the receiver implements the required traits
  --> $DIR/general.rs:62:33
   |
LL |     let _ = std::fs::write("x", vec.as_slice());
   |                                 ^^^^^^^^^^^^^^ help: use: `&vec`

error: the receiver implements the required traits
  --> $DIR/general.rs:63:36
   |
LL |     let _ = std::fs::write("x", vec.into_boxed_slice());
   |                                    ^^^^^^^^^^^^^^^^^^^ help: remove this

error: the receiver implements the required traits
  --> $DIR/general.rs:65:49
   |
LL |     let _ = Command::new("ls").args(["-a", "-l"].iter());
   |                                                 ^^^^^^^ help: remove this

error: the receiver implements the required traits
  --> $DIR/general.rs:66:49
   |
LL |     let _ = Command::new("ls").args(["-a", "-l"].iter_mut());
   |                                                 ^^^^^^^^^^^ help: remove this

error: the receiver implements the required traits
  --> $DIR/general.rs:68:35
   |
LL |     let _ = std::fs::write("x", "".as_bytes());
   |                                   ^^^^^^^^^^^ help: remove this

error: the receiver implements the required traits
  --> $DIR/general.rs:70:34
   |
LL |     let _ = os_str_or_bytes(osstr.as_encoded_bytes());
   |                                  ^^^^^^^^^^^^^^^^^^^ help: remove this

error: the receiver implements the required traits
  --> $DIR/general.rs:71:41
   |
LL |     let _ = is_empty_os(osstring.clone().into_boxed_os_str().into_os_string());
   |                                         ^^^^^^^^^^^^^^^^^^^^^^^^^^^^^^^^^^^^^ help: remove this

error: the inner argument implements the required traits
  --> $DIR/general.rs:72:28
   |
LL |     let _ = std::fs::write(OsStr::new("x"), "");
   |                            ^^^^^^^^^^^^^^^ help: use: `"x"`

error: the receiver implements the required traits
  --> $DIR/general.rs:73:33
   |
LL |     let _ = std::fs::write(osstr.to_os_string(), "");
   |                                 ^^^^^^^^^^^^^^^ help: remove this

error: the receiver implements the required traits
  --> $DIR/general.rs:75:28
   |
LL |     let _ = std::fs::write(osstring.as_os_str(), "");
   |                            ^^^^^^^^^^^^^^^^^^^^ help: use: `&osstring`

error: the receiver implements the required traits
  --> $DIR/general.rs:76:41
   |
LL |     let _ = is_empty_os(osstring.clone().into_boxed_os_str());
   |                                         ^^^^^^^^^^^^^^^^^^^^ help: remove this

error: the receiver implements the required traits
  --> $DIR/general.rs:77:48
   |
LL |     let _ = os_string_or_bytes(osstring.clone().into_encoded_bytes());
   |                                                ^^^^^^^^^^^^^^^^^^^^^ help: remove this

error: the receiver implements the required traits
  --> $DIR/general.rs:79:46
   |
LL |     let _ = std::fs::write(PathBuf::from("x").as_mut_os_str(), "");
   |                                              ^^^^^^^^^^^^^^^^ help: remove this

error: the receiver implements the required traits
  --> $DIR/general.rs:80:32
   |
LL |     let _ = std::fs::write(path.as_os_str(), "");
   |                                ^^^^^^^^^^^^ help: remove this

error: the receiver implements the required traits
  --> $DIR/general.rs:81:46
   |
LL |     let _ = std::fs::write(PathBuf::from("x").into_boxed_path().into_path_buf(), "");
   |                                              ^^^^^^^^^^^^^^^^^^^^^^^^^^^^^^^^^^ help: remove this

error: the receiver implements the required traits
  --> $DIR/general.rs:82:41
   |
LL |     let _ = Command::new("ls").args(path.iter());
   |                                         ^^^^^^^ help: remove this

error: the inner argument implements the required traits
  --> $DIR/general.rs:83:28
   |
LL |     let _ = std::fs::write(Path::new("x"), "");
   |                            ^^^^^^^^^^^^^^ help: use: `"x"`

error: the receiver implements the required traits
  --> $DIR/general.rs:84:32
   |
LL |     let _ = std::fs::write(path.to_path_buf(), "");
   |                                ^^^^^^^^^^^^^^ help: remove this

error: the receiver implements the required traits
  --> $DIR/general.rs:86:28
   |
LL |     let _ = std::fs::write(path_buf.as_mut_os_string(), "");
   |                            ^^^^^^^^^^^^^^^^^^^^^^^^^^^ help: use: `&mut path_buf`

error: the receiver implements the required traits
  --> $DIR/general.rs:87:28
   |
LL |     let _ = std::fs::write(path_buf.as_path(), "");
   |                            ^^^^^^^^^^^^^^^^^^ help: use: `&path_buf`

error: the receiver implements the required traits
  --> $DIR/general.rs:88:44
   |
LL |     let _ = std::fs::write(path_buf.clone().into_os_string(), "");
   |                                            ^^^^^^^^^^^^^^^^^ help: remove this

error: the receiver implements the required traits
  --> $DIR/general.rs:90:28
   |
LL |     let _ = std::fs::write(tempdir.path(), "");
   |                            ^^^^^^^^^^^^^^ help: use: `&tempdir`

error: the receiver implements the required traits
  --> $DIR/general.rs:91:28
   |
LL |     let _ = std::fs::write(tempfile.path(), "");
   |                            ^^^^^^^^^^^^^^^ help: use: `&tempfile`

error: aborting due to 43 previous errors

