error: the receiver implements the required traits
  --> $DIR/unnecessary_to_owned.rs:85:30
   |
LL |     require_deref_c_str(c_str.to_owned());
   |                              ^^^^^^^^^^^ help: remove this
   |
   = note: `-D unnecessary-conversion-for-trait` implied by `-D warnings`
   = help: to override `-D warnings` add `#[allow(unnecessary_conversion_for_trait)]`

error: the receiver implements the required traits
  --> $DIR/unnecessary_to_owned.rs:86:32
   |
LL |     require_deref_os_str(os_str.to_owned());
   |                                ^^^^^^^^^^^ help: remove this

error: the receiver implements the required traits
  --> $DIR/unnecessary_to_owned.rs:87:28
   |
LL |     require_deref_path(path.to_owned());
   |                            ^^^^^^^^^^^ help: remove this

error: the receiver implements the required traits
  --> $DIR/unnecessary_to_owned.rs:88:24
   |
LL |     require_deref_str(s.to_owned());
   |                        ^^^^^^^^^^^ help: remove this

error: the receiver implements the required traits
  --> $DIR/unnecessary_to_owned.rs:89:30
   |
LL |     require_deref_slice(slice.to_owned());
   |                              ^^^^^^^^^^^ help: remove this

error: the receiver implements the required traits
  --> $DIR/unnecessary_to_owned.rs:91:35
   |
LL |     require_impl_deref_c_str(c_str.to_owned());
   |                                   ^^^^^^^^^^^ help: remove this

error: the receiver implements the required traits
  --> $DIR/unnecessary_to_owned.rs:92:37
   |
LL |     require_impl_deref_os_str(os_str.to_owned());
   |                                     ^^^^^^^^^^^ help: remove this

error: the receiver implements the required traits
  --> $DIR/unnecessary_to_owned.rs:93:33
   |
LL |     require_impl_deref_path(path.to_owned());
   |                                 ^^^^^^^^^^^ help: remove this

error: the receiver implements the required traits
  --> $DIR/unnecessary_to_owned.rs:94:29
   |
LL |     require_impl_deref_str(s.to_owned());
   |                             ^^^^^^^^^^^ help: remove this

error: the receiver implements the required traits
  --> $DIR/unnecessary_to_owned.rs:95:35
   |
LL |     require_impl_deref_slice(slice.to_owned());
   |                                   ^^^^^^^^^^^ help: remove this

error: the receiver implements the required traits
  --> $DIR/unnecessary_to_owned.rs:97:30
   |
LL |     require_deref_str_slice(s.to_owned(), slice.to_owned());
   |                              ^^^^^^^^^^^ help: remove this

error: the receiver implements the required traits
  --> $DIR/unnecessary_to_owned.rs:97:48
   |
LL |     require_deref_str_slice(s.to_owned(), slice.to_owned());
   |                                                ^^^^^^^^^^^ help: remove this

error: the receiver implements the required traits
  --> $DIR/unnecessary_to_owned.rs:98:34
   |
LL |     require_deref_slice_str(slice.to_owned(), s.to_owned());
   |                                  ^^^^^^^^^^^ help: remove this

error: the receiver implements the required traits
  --> $DIR/unnecessary_to_owned.rs:98:48
   |
LL |     require_deref_slice_str(slice.to_owned(), s.to_owned());
   |                                                ^^^^^^^^^^^ help: remove this

error: the receiver implements the required traits
  --> $DIR/unnecessary_to_owned.rs:100:31
   |
LL |     require_as_ref_c_str(c_str.to_owned());
   |                               ^^^^^^^^^^^ help: remove this

error: the receiver implements the required traits
  --> $DIR/unnecessary_to_owned.rs:101:33
   |
LL |     require_as_ref_os_str(os_str.to_owned());
   |                                 ^^^^^^^^^^^ help: remove this

error: the receiver implements the required traits
  --> $DIR/unnecessary_to_owned.rs:102:29
   |
LL |     require_as_ref_path(path.to_owned());
   |                             ^^^^^^^^^^^ help: remove this

error: the receiver implements the required traits
  --> $DIR/unnecessary_to_owned.rs:103:25
   |
LL |     require_as_ref_str(s.to_owned());
   |                         ^^^^^^^^^^^ help: remove this

error: the receiver implements the required traits
  --> $DIR/unnecessary_to_owned.rs:104:24
   |
LL |     require_as_ref_str(x.to_owned());
   |                        ^^^^^^^^^^^^ help: use: `&x`

error: the receiver implements the required traits
  --> $DIR/unnecessary_to_owned.rs:105:31
   |
LL |     require_as_ref_slice(array.to_owned());
   |                               ^^^^^^^^^^^ help: remove this

error: the receiver implements the required traits
  --> $DIR/unnecessary_to_owned.rs:106:35
   |
LL |     require_as_ref_slice(array_ref.to_owned());
   |                                   ^^^^^^^^^^^ help: remove this

error: the receiver implements the required traits
  --> $DIR/unnecessary_to_owned.rs:107:31
   |
LL |     require_as_ref_slice(slice.to_owned());
   |                               ^^^^^^^^^^^ help: remove this

error: the receiver implements the required traits
  --> $DIR/unnecessary_to_owned.rs:109:36
   |
LL |     require_impl_as_ref_c_str(c_str.to_owned());
   |                                    ^^^^^^^^^^^ help: remove this

error: the receiver implements the required traits
  --> $DIR/unnecessary_to_owned.rs:110:38
   |
LL |     require_impl_as_ref_os_str(os_str.to_owned());
   |                                      ^^^^^^^^^^^ help: remove this

error: the receiver implements the required traits
  --> $DIR/unnecessary_to_owned.rs:111:34
   |
LL |     require_impl_as_ref_path(path.to_owned());
   |                                  ^^^^^^^^^^^ help: remove this

error: the receiver implements the required traits
  --> $DIR/unnecessary_to_owned.rs:112:30
   |
LL |     require_impl_as_ref_str(s.to_owned());
   |                              ^^^^^^^^^^^ help: remove this

error: the receiver implements the required traits
  --> $DIR/unnecessary_to_owned.rs:113:29
   |
LL |     require_impl_as_ref_str(x.to_owned());
   |                             ^^^^^^^^^^^^ help: use: `&x`

error: the receiver implements the required traits
  --> $DIR/unnecessary_to_owned.rs:114:36
   |
LL |     require_impl_as_ref_slice(array.to_owned());
   |                                    ^^^^^^^^^^^ help: remove this

error: the receiver implements the required traits
  --> $DIR/unnecessary_to_owned.rs:115:40
   |
LL |     require_impl_as_ref_slice(array_ref.to_owned());
   |                                        ^^^^^^^^^^^ help: remove this

error: the receiver implements the required traits
  --> $DIR/unnecessary_to_owned.rs:116:36
   |
LL |     require_impl_as_ref_slice(slice.to_owned());
   |                                    ^^^^^^^^^^^ help: remove this

error: the receiver implements the required traits
  --> $DIR/unnecessary_to_owned.rs:118:31
   |
LL |     require_as_ref_str_slice(s.to_owned(), array.to_owned());
   |                               ^^^^^^^^^^^ help: remove this

error: the receiver implements the required traits
  --> $DIR/unnecessary_to_owned.rs:118:49
   |
LL |     require_as_ref_str_slice(s.to_owned(), array.to_owned());
   |                                                 ^^^^^^^^^^^ help: remove this

error: the receiver implements the required traits
  --> $DIR/unnecessary_to_owned.rs:119:31
   |
LL |     require_as_ref_str_slice(s.to_owned(), array_ref.to_owned());
   |                               ^^^^^^^^^^^ help: remove this

error: the receiver implements the required traits
  --> $DIR/unnecessary_to_owned.rs:119:53
   |
LL |     require_as_ref_str_slice(s.to_owned(), array_ref.to_owned());
   |                                                     ^^^^^^^^^^^ help: remove this

error: the receiver implements the required traits
  --> $DIR/unnecessary_to_owned.rs:120:31
   |
LL |     require_as_ref_str_slice(s.to_owned(), slice.to_owned());
   |                               ^^^^^^^^^^^ help: remove this

error: the receiver implements the required traits
  --> $DIR/unnecessary_to_owned.rs:120:49
   |
LL |     require_as_ref_str_slice(s.to_owned(), slice.to_owned());
   |                                                 ^^^^^^^^^^^ help: remove this

error: the receiver implements the required traits
  --> $DIR/unnecessary_to_owned.rs:121:35
   |
LL |     require_as_ref_slice_str(array.to_owned(), s.to_owned());
   |                                   ^^^^^^^^^^^ help: remove this

error: the receiver implements the required traits
  --> $DIR/unnecessary_to_owned.rs:121:49
   |
LL |     require_as_ref_slice_str(array.to_owned(), s.to_owned());
   |                                                 ^^^^^^^^^^^ help: remove this

error: the receiver implements the required traits
  --> $DIR/unnecessary_to_owned.rs:122:39
   |
LL |     require_as_ref_slice_str(array_ref.to_owned(), s.to_owned());
   |                                       ^^^^^^^^^^^ help: remove this

error: the receiver implements the required traits
  --> $DIR/unnecessary_to_owned.rs:122:53
   |
LL |     require_as_ref_slice_str(array_ref.to_owned(), s.to_owned());
   |                                                     ^^^^^^^^^^^ help: remove this

error: the receiver implements the required traits
  --> $DIR/unnecessary_to_owned.rs:123:35
   |
LL |     require_as_ref_slice_str(slice.to_owned(), s.to_owned());
   |                                   ^^^^^^^^^^^ help: remove this

error: the receiver implements the required traits
  --> $DIR/unnecessary_to_owned.rs:123:49
   |
LL |     require_as_ref_slice_str(slice.to_owned(), s.to_owned());
   |                                                 ^^^^^^^^^^^ help: remove this

error: the receiver implements the required traits
  --> $DIR/unnecessary_to_owned.rs:125:20
   |
LL |     let _ = x.join(&x_ref.to_string());
   |                    ^^^^^^^^^^^^^^^^^^ help: use: `x_ref`

error: the receiver implements the required traits
  --> $DIR/unnecessary_to_owned.rs:356:17
   |
LL |         consume(b.to_string());
   |                 ^^^^^^^^^^^^^ help: use: `&b`

error: aborting due to 44 previous errors

