error: data structure could derive additional traits
  --> $DIR/main.rs:7:1
   |
LL | struct Derived;
   | ^
   |
   = note: `-D derive-opportunity` implied by `-D warnings`
   = help: to override `-D warnings` add `#[allow(derive_opportunity)]`
help: precede with
   |
LL + #[derive(Clone, Copy, Hash)]
LL | struct Derived;
   |

error: data structure could derive additional traits
  --> $DIR/main.rs:10:1
   |
LL | struct DerivedWithParam<T> {
   | ^
   |
help: precede with
   |
LL + #[derive(Clone, Copy, Hash)]
LL | struct DerivedWithParam<T> {
   |

error: data structure could derive additional traits
  --> $DIR/main.rs:14:1
   |
LL | struct Empty;
   | ^
   |
help: precede with
   |
LL + #[derive(Clone, Copy, Default, Hash, serde_derive::Deserialize)]
LL | struct Empty;
   |

error: data structure could derive additional traits
  --> $DIR/main.rs:16:1
   |
LL | struct SimpleStruct {
   | ^
   |
help: precede with
   |
LL + #[derive(Clone, Copy, Default, Hash, serde_derive::Deserialize)]
LL | struct SimpleStruct {
   |

error: data structure could derive additional traits
  --> $DIR/main.rs:20:1
   |
LL | enum SimpleEnum {
   | ^
   |
help: precede with
   |
LL + #[derive(Clone, Copy, Hash, serde_derive::Deserialize)]
LL | enum SimpleEnum {
   |

error: data structure could derive additional traits
  --> $DIR/main.rs:24:1
   |
LL | struct StructWithParam<T> {
   | ^
   |
help: precede with
   |
LL + #[derive(Clone, Copy, Default, Hash, serde_derive::Deserialize)]
LL | struct StructWithParam<T> {
   |

error: data structure could derive additional traits
  --> $DIR/main.rs:29:1
   |
LL | enum EnumWithParam<T> {
   | ^
   |
help: precede with
   |
LL + #[derive(Clone, Copy, Hash, serde_derive::Deserialize)]
LL | enum EnumWithParam<T> {
   |

error: data structure could derive additional traits
  --> $DIR/main.rs:34:1
   |
LL | struct TransitiveStruct {
   | ^
   |
help: precede with
   |
LL + #[derive(Clone, Copy, Default, Hash, serde_derive::Deserialize)]
LL | struct TransitiveStruct {
   |

error: data structure could derive additional traits
  --> $DIR/main.rs:38:1
   |
LL | enum TransitiveEnum {
   | ^
   |
help: precede with
   |
LL + #[derive(Clone, Copy, Hash, serde_derive::Deserialize)]
LL | enum TransitiveEnum {
   |

error: data structure could derive additional traits
  --> $DIR/main.rs:43:1
   |
LL | struct PartiallyDerivedStruct {
   | ^
   |
help: precede with
   |
LL + #[derive(Clone, Copy, Hash, serde_derive::Deserialize)]
LL | struct PartiallyDerivedStruct {
   |

error: data structure could derive additional traits
  --> $DIR/main.rs:48:1
   |
LL | enum PartiallyDerivedEnum {
   | ^
   |
help: precede with
   |
LL + #[derive(Clone, Copy, Hash)]
LL | enum PartiallyDerivedEnum {
   |

error: aborting due to 11 previous errors

