warning: assignment to dereference before error return
  --> $DIR/main.rs:23:5
   |
LL |     *flag = true;
   |     ^^^^^^^^^^^^
   |
note: error is determined here
  --> $DIR/main.rs:24:5
   |
LL |     Err(VarError::NotPresent)
   |     ^^^^^^^^^^^^^^^^^^^^^^^^^
   = note: `#[warn(non_local_effect_before_error_return)]` on by default

warning: call to `std::vec::Vec::<u32>::push` with mutable reference before error return
  --> $DIR/main.rs:28:8
   |
LL |     xs.push(0);
   |        ^^^^^^^
   |
note: error is determined here
  --> $DIR/main.rs:29:5
   |
LL |     Err(VarError::NotPresent)
   |     ^^^^^^^^^^^^^^^^^^^^^^^^^

warning: assignment to dereference before error return
  --> $DIR/main.rs:33:5
   |
LL |     *flag = true;
   |     ^^^^^^^^^^^^
   |
note: error is determined here
  --> $DIR/main.rs:34:13
   |
LL |     let _ = var("X")?;
   |             ^^^^^^^^^

warning: call to `std::vec::Vec::<u32>::push` with mutable reference before error return
  --> $DIR/main.rs:39:8
   |
LL |     xs.push(0);
   |        ^^^^^^^
   |
note: error is determined here
  --> $DIR/main.rs:40:13
   |
LL |     let _ = var("X")?;
   |             ^^^^^^^^^

warning: assignment to dereference before error return
  --> $DIR/main.rs:58:5
   |
LL |     *flag = true;
   |     ^^^^^^^^^^^^
   |
note: error is determined here
  --> $DIR/main.rs:57:18
   |
LL |     let result = Err(VarError::NotPresent);
   |                  ^^^^^^^^^^^^^^^^^^^^^^^^^

warning: call to `std::vec::Vec::<u32>::push` with mutable reference before error return
  --> $DIR/main.rs:64:8
   |
LL |     xs.push(0);
   |        ^^^^^^^
   |
note: error is determined here
  --> $DIR/main.rs:63:18
   |
LL |     let result = Err(VarError::NotPresent);
   |                  ^^^^^^^^^^^^^^^^^^^^^^^^^

warning: assignment to dereference before error return
  --> $DIR/main.rs:95:13
   |
LL |             *flag = true;
   |             ^^^^^^^^^^^^
   |
note: error is determined here
  --> $DIR/main.rs:92:5
   |
LL |     match result {
   |     ^^^^^^^^^^^^

warning: call to `std::vec::Vec::<u32>::push` with mutable reference before error return
  --> $DIR/main.rs:106:16
   |
LL |             xs.push(0);
   |                ^^^^^^^
   |
note: error is determined here
  --> $DIR/main.rs:103:5
   |
LL |     match result {
   |     ^^^^^^^^^^^^

warning: assignment to dereference before error return
  --> $DIR/main.rs:132:13
   |
LL |             self.balance -= amount;
   |             ^^^^^^^^^^^^^^^^^^^^^^
   |
note: error is determined here
  --> $DIR/main.rs:134:24
   |
LL |                 return Err(InsufficientBalance);
   |                        ^^^^^^^^^^^^^^^^^^^^^^^^

warning: assignment to dereference before error return
  --> $DIR/main.rs:158:9
   |
LL |         *flag = true;
   |         ^^^^^^^^^^^^
   |
note: error is determined here
  --> $DIR/main.rs:159:9
   |
LL |         Err(Error::Two)
   |         ^^^^^^^^^^^^^^^

warning: call to `bitflags::_::<impl bitflags::Flags>::insert` with mutable reference before error return
  --> $DIR/main.rs:185:15
   |
LL |         flags.insert(flag);
   |               ^^^^^^^^^^^^
   |
note: error is determined here
  --> $DIR/main.rs:187:20
   |
LL |             return Err(());
   |                    ^^^^^^^

warning: call to `std::string::String::push` with mutable reference before error return
  --> $DIR/main.rs:202:11
   |
LL |         s.push('x');
   |           ^^^^^^^^^
   |
note: error is determined here
  --> $DIR/main.rs:203:9
   |
LL |         Err(())
   |         ^^^^^^^

warning: call to `std::process::Command::env::<&str, &str>` with mutable reference before error return
  --> $DIR/main.rs:212:10
   |
LL |         .env("RUST_LOG", "debug")
   |          ^^^^^^^^^^^^^^^^^^^^^^^^

warning: assignment to dereference before error return
  --> $DIR/main.rs:244:9
   |
LL |         *flag = true;
   |         ^^^^^^^^^^^^

warning: call to `std::fmt::DebugStruct::<'_, '_>::field` with mutable reference before error return
  --> $DIR/main.rs:261:8
   |
LL | struct Foo {
   |        ^^^

warning: 15 warnings emitted

