warning: this Span guard is held across an 'await' point. Consider using the `.instrument()` combinator or the `.in_scope()` method instead
  --> $DIR/main.rs:20:9
   |
LL |     let _guard = span.enter();
   |         ^^^^^^
   |
note: these are all the await points this ref is held through
  --> $DIR/main.rs:21:11
   |
LL |     bar().await;
   |           ^^^^^
   = note: `#[warn(await_holding_span_guard)]` on by default

warning: this Span guard is held across an 'await' point. Consider using the `.instrument()` combinator or the `.in_scope()` method instead
  --> $DIR/main.rs:27:9
   |
LL |     let _guard = span.entered();
   |         ^^^^^^
   |
note: these are all the await points this ref is held through
  --> $DIR/main.rs:28:11
   |
LL |     bar().await;
   |           ^^^^^

warning: this Span guard is held across an 'await' point. Consider using the `.instrument()` combinator or the `.in_scope()` method instead
  --> $DIR/main.rs:35:13
   |
LL |         let _guard = span.enter();
   |             ^^^^^^
   |
note: these are all the await points this ref is held through
  --> $DIR/main.rs:36:15
   |
LL |         bar().await
   |               ^^^^^

warning: 3 warnings emitted

