error: path could be constructed from a string literal
  --> $DIR/main.rs:4:13
   |
LL |     let _ = std::path::Path::new("..").join("target");
   |             ^^^^^^^^^^^^^^^^^^^^^^^^^^^^^^^^^^^^^^^^^ help: use: `std::path::PathBuf::from("../target")`
   |
   = note: `-D const-path-join` implied by `-D warnings`

error: path could be constructed from a string literal
  --> $DIR/main.rs:5:13
   |
LL |     let _ = std::path::PathBuf::from("..").join("target");
   |             ^^^^^^^^^^^^^^^^^^^^^^^^^^^^^^^^^^^^^^^^^^^^^ help: use: `std::path::PathBuf::from("../target")`

error: path could be constructed from a string literal
  --> $DIR/main.rs:6:13
   |
LL |     let _ = std::path::PathBuf::from("..").join("target").as_path();
   |             ^^^^^^^^^^^^^^^^^^^^^^^^^^^^^^^^^^^^^^^^^^^^^ help: use: `std::path::PathBuf::from("../target")`

error: path could be constructed from a string literal
  --> $DIR/main.rs:7:65
   |
LL |       let _ = std::path::PathBuf::from(env!("CARGO_MANIFEST_DIR"))
   |  _________________________________________________________________^
LL | |         .join("..")
LL | |         .join("target");
   | |_______________________^ help: use: `.join("../target")`

error: aborting due to 4 previous errors

