error: arguments are "non-const, const", which looks like "actual, expected"
  --> $DIR/main.rs:9:16
   |
LL |     assert_eq!(x, 0);
   |                ^^^^ help: prefer "expected, actual": `0, x`
   |
   = note: `-D assert-eq-arg-misordering` implied by `-D warnings`
   = help: to override `-D warnings` add `#[allow(assert_eq_arg_misordering)]`

error: arguments are "non-const, const", which looks like "actual, expected"
  --> $DIR/main.rs:14:9
   |
LL | /         variable_with_a_really_long_name,
LL | |         CONST_WITH_A_REALLY_LONG_NAME
   | |_____________________________________^
   |
help: prefer "expected, actual"
   |
LL ~         CONST_WITH_A_REALLY_LONG_NAME,
LL +         variable_with_a_really_long_name
   |

error: arguments are "non-const, const", which looks like "actual, expected"
  --> $DIR/main.rs:20:16
   |
LL |     assert_eq!(x, 0, "this is a message (with parens)");
   |                ^^^^ help: prefer "expected, actual": `0, x`

error: aborting due to 3 previous errors

