warning: could destructure reference
  --> $DIR/main.rs:27:28
   |
LL |     let _ = ws.iter().map(|w| *w == "").collect::<Vec<_>>();
   |                            ^ help: use: `&w`
   |
   = note: `#[warn(suboptimal_pattern)]` on by default

warning: could destructure references
  --> $DIR/main.rs:28:28
   |
LL |     let _ = xs.iter().map(|x| **x == "").collect::<Vec<_>>();
   |                            ^ help: use: `&&x`

warning: could destructure tuple
  --> $DIR/main.rs:29:28
   |
LL |     let _ = ys.iter().map(|y| y.0 == "").collect::<Vec<_>>();
   |                            ^ help: use something like: `&(y_0,)`

warning: could destructure tuple
  --> $DIR/main.rs:32:29
   |
LL |     let _ = wxs.iter().map(|wx| wx.0 == *wx.1).collect::<Vec<_>>();
   |                             ^^ help: use something like: `&(wx_0, wx_1)`

warning: could destructure tuple
  --> $DIR/main.rs:33:29
   |
LL |     let _ = xys.iter().map(|xy| *xy.0 == xy.1 .0).collect::<Vec<_>>();
   |                             ^^ help: use something like: `&(xy_0, xy_1)`

warning: could destructure tuple
  --> $DIR/main.rs:34:29
   |
LL |     let _ = yzs.iter().map(|yz| yz.0 .0 == yz.1).collect::<Vec<_>>();
   |                             ^^ help: use something like: `(yz_0, yz_1)`

warning: could destructure reference
  --> $DIR/main.rs:36:29
   |
LL |     let _ = xys.iter().map(|(x, y)| **x == y.0).collect::<Vec<_>>();
   |                             ^^^^^^ help: use: `&(x, y)`

warning: could destructure reference
  --> $DIR/main.rs:39:41
   |
LL |     let _ = xs.clone().into_iter().map(|x| *x == "").collect::<Vec<_>>();
   |                                         ^ help: use: `&x`

warning: could destructure tuple
  --> $DIR/main.rs:43:15
   |
LL |         .map(|y| y.0 == "")
   |               ^ help: use something like: `(y_0,)`

warning: could destructure tuple
  --> $DIR/main.rs:50:15
   |
LL |         .map(|wx| wx.0 == *wx.1)
   |               ^^ help: use something like: `(wx_0, wx_1)`

warning: could destructure tuple
  --> $DIR/main.rs:55:15
   |
LL |         .map(|xy| *xy.0 == xy.1 .0)
   |               ^^ help: use something like: `(xy_0, xy_1)`

warning: could destructure tuple
  --> $DIR/main.rs:60:15
   |
LL |         .map(|yz| yz.0 .0 == yz.1)
   |               ^^ help: use something like: `(yz_0, yz_1)`

warning: could destructure reference
  --> $DIR/main.rs:66:19
   |
LL |         .map(|(w, x)| w == *x)
   |                   ^ help: use: `&x`

warning: could destructure reference
  --> $DIR/main.rs:71:16
   |
LL |         .map(|(x, y)| *x == y.0)
   |                ^ help: use: `&x`

warning: could destructure tuple
  --> $DIR/main.rs:71:19
   |
LL |         .map(|(x, y)| *x == y.0)
   |                   ^ help: use something like: `(y_0,)`

warning: could destructure tuple
  --> $DIR/main.rs:76:16
   |
LL |         .map(|(y, z)| y.0 == z)
   |                ^ help: use something like: `(y_0,)`

warning: could destructure reference
  --> $DIR/main.rs:80:28
   |
LL |     let _ = xs.iter().map(|&x| *x == "").collect::<Vec<_>>();
   |                            ^^ help: use: `&&x`

warning: could destructure reference
  --> $DIR/main.rs:118:36
   |
LL |         let _ = [X(Y)].iter().map(|x| *x).collect::<Vec<_>>();
   |                                    ^ help: use: `&x`

warning: could destructure reference
  --> $DIR/main.rs:119:36
   |
LL |         let _ = [X(Y)].iter().map(|x| **x).collect::<Vec<_>>();
   |                                    ^ help: use: `&x`

warning: could destructure reference
  --> $DIR/main.rs:127:35
   |
LL |     let _ = ws.split_last().map(|(w, _)| *w);
   |                                   ^ help: use: `&w`

warning: 20 warnings emitted

