warning: `std::fs` exports a type `File`, which is not the type of `file`
  --> $DIR/main.rs:54:9
   |
LL |     let file = read_to_string(path)?;
   |         ^^^^
   |
   = help: use a name that is not `dir_builder`, `dir_entry`, `file`, `file_times`, `file_type`, `metadata`, `open_options`, `permissions`, `read_dir`, or `try_lock_error`
   = note: `#[warn(misleading_variable_name)]` on by default

warning: `std::fs` exports a type `File`, which is not the type of `file`
  --> $DIR/main.rs:55:9
   |
LL |     let file = read_to_string(path).with_context(|| "read")?;
   |         ^^^^
   |
   = help: use a name that is not `dir_builder`, `dir_entry`, `file`, `file_times`, `file_type`, `metadata`, `open_options`, `permissions`, `read_dir`, or `try_lock_error`

warning: `std::fs` exports a type `File`, which is not the type of `file`
  --> $DIR/main.rs:56:9
   |
LL |     let file = read_to_string(path).unwrap();
   |         ^^^^
   |
   = help: use a name that is not `dir_builder`, `dir_entry`, `file`, `file_times`, `file_type`, `metadata`, `open_options`, `permissions`, `read_dir`, or `try_lock_error`

warning: `std::io` exports a type `BufReader`, which is not the type of `buf_reader`
  --> $DIR/main.rs:58:9
   |
LL |     let buf_reader = Cursor::new([]).lines();
   |         ^^^^^^^^^^
   |
   = help: use `lines` or something similar

warning: `one_type` exports a type `Bar`, which is not the type of `bar`
  --> $DIR/main.rs:60:9
   |
LL |     let bar = one_type::foo();
   |         ^^^
   |
   = help: use a name other than `bar`

warning: `two_types` exports a type `Bar`, which is not the type of `bar`
  --> $DIR/main.rs:62:9
   |
LL |     let bar = two_types::foo();
   |         ^^^
   |
   = help: use a name that is not `bar` or `baz`

warning: 6 warnings emitted

