warning: assignment to dereference before error return
  --> $DIR/main.rs:22:5
   |
LL |     *flag = true;
   |     ^^^^^^^^^^^^
   |
note: error is determined here
  --> $DIR/main.rs:23:5
   |
LL |     Err(VarError::NotPresent)
   |     ^^^^^^^^^^^^^^^^^^^^^^^^^
   = note: `#[warn(non_local_effect_before_error_return)]` on by default

warning: call to `std::vec::Vec::<u32>::push` with mutable reference before error return
  --> $DIR/main.rs:27:8
   |
LL |     xs.push(0);
   |        ^^^^^^^
   |
note: error is determined here
  --> $DIR/main.rs:28:5
   |
LL |     Err(VarError::NotPresent)
   |     ^^^^^^^^^^^^^^^^^^^^^^^^^

warning: assignment to dereference before error return
  --> $DIR/main.rs:32:5
   |
LL |     *flag = true;
   |     ^^^^^^^^^^^^
   |
note: error is determined here
  --> $DIR/main.rs:33:13
   |
LL |     let _ = var("X")?;
   |             ^^^^^^^^^

warning: call to `std::vec::Vec::<u32>::push` with mutable reference before error return
  --> $DIR/main.rs:38:8
   |
LL |     xs.push(0);
   |        ^^^^^^^
   |
note: error is determined here
  --> $DIR/main.rs:39:13
   |
LL |     let _ = var("X")?;
   |             ^^^^^^^^^

warning: assignment to dereference before error return
  --> $DIR/main.rs:57:5
   |
LL |     *flag = true;
   |     ^^^^^^^^^^^^
   |
note: error is determined here
  --> $DIR/main.rs:56:18
   |
LL |     let result = Err(VarError::NotPresent);
   |                  ^^^^^^^^^^^^^^^^^^^^^^^^^

warning: call to `std::vec::Vec::<u32>::push` with mutable reference before error return
  --> $DIR/main.rs:63:8
   |
LL |     xs.push(0);
   |        ^^^^^^^
   |
note: error is determined here
  --> $DIR/main.rs:62:18
   |
LL |     let result = Err(VarError::NotPresent);
   |                  ^^^^^^^^^^^^^^^^^^^^^^^^^

warning: assignment to dereference before error return
  --> $DIR/main.rs:94:13
   |
LL |             *flag = true;
   |             ^^^^^^^^^^^^
   |
note: error is determined here
  --> $DIR/main.rs:91:5
   |
LL |     match result {
   |     ^^^^^^^^^^^^

warning: call to `std::vec::Vec::<u32>::push` with mutable reference before error return
  --> $DIR/main.rs:105:16
   |
LL |             xs.push(0);
   |                ^^^^^^^
   |
note: error is determined here
  --> $DIR/main.rs:102:5
   |
LL |     match result {
   |     ^^^^^^^^^^^^

warning: assignment to dereference before error return
  --> $DIR/main.rs:131:13
   |
LL |             self.balance -= amount;
   |             ^^^^^^^^^^^^^^^^^^^^^^
   |
note: error is determined here
  --> $DIR/main.rs:133:24
   |
LL |                 return Err(InsufficientBalance);
   |                        ^^^^^^^^^^^^^^^^^^^^^^^^

warning: assignment to dereference before error return
  --> $DIR/main.rs:157:9
   |
LL |         *flag = true;
   |         ^^^^^^^^^^^^
   |
note: error is determined here
  --> $DIR/main.rs:158:9
   |
LL |         Err(Error::Two)
   |         ^^^^^^^^^^^^^^^

warning: call to `bitflags::_::<impl bitflags::Flags>::insert` with mutable reference before error return
  --> $DIR/main.rs:184:15
   |
LL |         flags.insert(flag);
   |               ^^^^^^^^^^^^
   |
note: error is determined here
  --> $DIR/main.rs:186:20
   |
LL |             return Err(());
   |                    ^^^^^^^

warning: call to `std::string::String::push` with mutable reference before error return
  --> $DIR/main.rs:201:11
   |
LL |         s.push('x');
   |           ^^^^^^^^^
   |
note: error is determined here
  --> $DIR/main.rs:202:9
   |
LL |         Err(())
   |         ^^^^^^^

warning: call to `std::process::Command::env::<&str, &str>` with mutable reference before error return
  --> $DIR/main.rs:211:10
   |
LL |         .env("RUST_LOG", "debug")
   |          ^^^^^^^^^^^^^^^^^^^^^^^^

warning: assignment to dereference before error return
  --> $DIR/main.rs:243:9
   |
LL |         *flag = true;
   |         ^^^^^^^^^^^^

warning: call to `std::vec::Vec::<u32>::push` with mutable reference before error return
  --> $DIR/main.rs:270:12
   |
LL |         xs.push(0);
   |            ^^^^^^^
   |
note: error is determined here
  --> $DIR/main.rs:271:9
   |
LL |         Err(VarError::NotPresent)
   |         ^^^^^^^^^^^^^^^^^^^^^^^^^

warning: call to `std::vec::Vec::<u32>::push` with mutable reference before error return
  --> $DIR/main.rs:275:12
   |
LL |         xs.push(0);
   |            ^^^^^^^
   |
note: error is determined here
  --> $DIR/main.rs:276:9
   |
LL |         Err(VarError::NotPresent)
   |         ^^^^^^^^^^^^^^^^^^^^^^^^^

warning: assignment to dereference before error return
  --> $DIR/main.rs:294:9
   |
LL |         *x = 0;
   |         ^^^^^^
   |
note: error is determined here
  --> $DIR/main.rs:297:20
   |
LL |             return Err(std::io::Error::other("y"));
   |                    ^^^^^^^^^^^^^^^^^^^^^^^^^^^^^^^
note: error is determined here
  --> $DIR/main.rs:301:20
   |
LL |             return Err(std::io::Error::other("z"));
   |                    ^^^^^^^^^^^^^^^^^^^^^^^^^^^^^^^

warning: 17 warnings emitted

