warning: `allow` could be moved closer to diagnostic source
  --> $DIR/main.rs:13:9
   |
LL | #[allow(clippy::wrong_self_convention)]
   |         ^^^^^^^^^^^^^^^^^^^^^^^^^^^^^
   |
help: `allow` could be moved here
  --> $DIR/main.rs:16:9
   |
LL |         fn into_foo(&self) {}
   |         ^
   = note: `#[warn(overscoped_allow)]` on by default

warning: `allow` could be moved closer to diagnostic source
  --> $DIR/main.rs:23:13
   |
LL |     #[allow(clippy::unused_self)]
   |             ^^^^^^^^^^^^^^^^^^^
   |
help: `allow` could be moved here
  --> $DIR/main.rs:25:9
   |
LL |         fn foo(&self) {}
   |         ^

warning: `allow` could be moved closer to diagnostic source
  --> $DIR/main.rs:29:9
   |
LL | #[allow(clippy::unwrap_used)]
   |         ^^^^^^^^^^^^^^^^^^^
   |
help: `allow` could be moved here
  --> $DIR/main.rs:31:5
   |
LL |     Some(()).unwrap();
   |     ^

warning: `allow` could be moved closer to diagnostic source
  --> $DIR/main.rs:34:9
   |
LL | #[allow(clippy::unwrap_used)]
   |         ^^^^^^^^^^^^^^^^^^^
   |
help: `allow` could be moved here
  --> $DIR/main.rs:36:5
   |
LL |     Some(()).unwrap()
   |     ^

warning: `allow` could be moved closer to diagnostic source
  --> $DIR/main.rs:47:9
   |
LL | #[allow(clippy::wrong_self_convention)]
   |         ^^^^^^^^^^^^^^^^^^^^^^^^^^^^^
   |
help: `allow` could be moved here
  --> $DIR/main.rs:51:13
   |
LL |             fn into_foo(&self) {}
   |             ^

warning: `allow` could be moved closer to diagnostic source
  --> $DIR/main.rs:57:13
   |
LL |     #[allow(clippy::unused_self)]
   |             ^^^^^^^^^^^^^^^^^^^
   |
help: `allow` could be moved here
  --> $DIR/main.rs:62:13
   |
LL |             fn foo(&self) {}
   |             ^

warning: `allow` could be moved closer to diagnostic source
  --> $DIR/main.rs:67:9
   |
LL | #[allow(clippy::unwrap_used)]
   |         ^^^^^^^^^^^^^^^^^^^
   |
help: `allow` could be moved here
  --> $DIR/main.rs:70:9
   |
LL |         Some(()).unwrap();
   |         ^

warning: `allow` could be moved closer to diagnostic source
  --> $DIR/main.rs:74:9
   |
LL | #[allow(clippy::unwrap_used)]
   |         ^^^^^^^^^^^^^^^^^^^
   |
help: `allow` could be moved here
  --> $DIR/main.rs:77:9
   |
LL |         Some(()).unwrap()
   |         ^

warning: `allow` could be moved closer to diagnostic source
  --> $DIR/main.rs:81:25
   |
LL | #[cfg_attr(all(), allow(clippy::unwrap_used))]
   |                         ^^^^^^^^^^^^^^^^^^^
   |
help: `allow` could be moved here
  --> $DIR/main.rs:83:5
   |
LL |     Some(()).unwrap();
   |     ^

warning: `allow` could be moved closer to diagnostic source
  --> $DIR/main.rs:86:42
   |
LL | #[allow(clippy::module_name_repetitions, clippy::unwrap_used)]
   |                                          ^^^^^^^^^^^^^^^^^^^
   |
help: `allow` could be moved here
  --> $DIR/main.rs:88:5
   |
LL |     Some(()).unwrap();
   |     ^

warning: 10 warnings emitted

