error: the receiver implements the required traits
  --> $DIR/unnecessary_to_owned.rs:47:30
   |
LL |     require_deref_c_str(c_str.to_owned());
   |                              ^^^^^^^^^^^ help: remove this
   |
   = note: `-D unnecessary-conversion-for-trait` implied by `-D warnings`

error: the receiver implements the required traits
  --> $DIR/unnecessary_to_owned.rs:48:32
   |
LL |     require_deref_os_str(os_str.to_owned());
   |                                ^^^^^^^^^^^ help: remove this

error: the receiver implements the required traits
  --> $DIR/unnecessary_to_owned.rs:49:28
   |
LL |     require_deref_path(path.to_owned());
   |                            ^^^^^^^^^^^ help: remove this

error: the receiver implements the required traits
  --> $DIR/unnecessary_to_owned.rs:50:24
   |
LL |     require_deref_str(s.to_owned());
   |                        ^^^^^^^^^^^ help: remove this

error: the receiver implements the required traits
  --> $DIR/unnecessary_to_owned.rs:51:30
   |
LL |     require_deref_slice(slice.to_owned());
   |                              ^^^^^^^^^^^ help: remove this

error: the receiver implements the required traits
  --> $DIR/unnecessary_to_owned.rs:53:35
   |
LL |     require_impl_deref_c_str(c_str.to_owned());
   |                                   ^^^^^^^^^^^ help: remove this

error: the receiver implements the required traits
  --> $DIR/unnecessary_to_owned.rs:54:37
   |
LL |     require_impl_deref_os_str(os_str.to_owned());
   |                                     ^^^^^^^^^^^ help: remove this

error: the receiver implements the required traits
  --> $DIR/unnecessary_to_owned.rs:55:33
   |
LL |     require_impl_deref_path(path.to_owned());
   |                                 ^^^^^^^^^^^ help: remove this

error: the receiver implements the required traits
  --> $DIR/unnecessary_to_owned.rs:56:29
   |
LL |     require_impl_deref_str(s.to_owned());
   |                             ^^^^^^^^^^^ help: remove this

error: the receiver implements the required traits
  --> $DIR/unnecessary_to_owned.rs:57:35
   |
LL |     require_impl_deref_slice(slice.to_owned());
   |                                   ^^^^^^^^^^^ help: remove this

error: the receiver implements the required traits
  --> $DIR/unnecessary_to_owned.rs:59:30
   |
LL |     require_deref_str_slice(s.to_owned(), slice.to_owned());
   |                              ^^^^^^^^^^^ help: remove this

error: the receiver implements the required traits
  --> $DIR/unnecessary_to_owned.rs:59:48
   |
LL |     require_deref_str_slice(s.to_owned(), slice.to_owned());
   |                                                ^^^^^^^^^^^ help: remove this

error: the receiver implements the required traits
  --> $DIR/unnecessary_to_owned.rs:60:34
   |
LL |     require_deref_slice_str(slice.to_owned(), s.to_owned());
   |                                  ^^^^^^^^^^^ help: remove this

error: the receiver implements the required traits
  --> $DIR/unnecessary_to_owned.rs:60:48
   |
LL |     require_deref_slice_str(slice.to_owned(), s.to_owned());
   |                                                ^^^^^^^^^^^ help: remove this

error: the receiver implements the required traits
  --> $DIR/unnecessary_to_owned.rs:62:31
   |
LL |     require_as_ref_c_str(c_str.to_owned());
   |                               ^^^^^^^^^^^ help: remove this

error: the receiver implements the required traits
  --> $DIR/unnecessary_to_owned.rs:63:33
   |
LL |     require_as_ref_os_str(os_str.to_owned());
   |                                 ^^^^^^^^^^^ help: remove this

error: the receiver implements the required traits
  --> $DIR/unnecessary_to_owned.rs:64:29
   |
LL |     require_as_ref_path(path.to_owned());
   |                             ^^^^^^^^^^^ help: remove this

error: the receiver implements the required traits
  --> $DIR/unnecessary_to_owned.rs:65:25
   |
LL |     require_as_ref_str(s.to_owned());
   |                         ^^^^^^^^^^^ help: remove this

error: the receiver implements the required traits
  --> $DIR/unnecessary_to_owned.rs:66:24
   |
LL |     require_as_ref_str(x.to_owned());
   |                        ^^^^^^^^^^^^ help: use: `&x`

error: the receiver implements the required traits
  --> $DIR/unnecessary_to_owned.rs:67:31
   |
LL |     require_as_ref_slice(array.to_owned());
   |                               ^^^^^^^^^^^ help: remove this

error: the receiver implements the required traits
  --> $DIR/unnecessary_to_owned.rs:68:35
   |
LL |     require_as_ref_slice(array_ref.to_owned());
   |                                   ^^^^^^^^^^^ help: remove this

error: the receiver implements the required traits
  --> $DIR/unnecessary_to_owned.rs:69:31
   |
LL |     require_as_ref_slice(slice.to_owned());
   |                               ^^^^^^^^^^^ help: remove this

error: the receiver implements the required traits
  --> $DIR/unnecessary_to_owned.rs:71:36
   |
LL |     require_impl_as_ref_c_str(c_str.to_owned());
   |                                    ^^^^^^^^^^^ help: remove this

error: the receiver implements the required traits
  --> $DIR/unnecessary_to_owned.rs:72:38
   |
LL |     require_impl_as_ref_os_str(os_str.to_owned());
   |                                      ^^^^^^^^^^^ help: remove this

error: the receiver implements the required traits
  --> $DIR/unnecessary_to_owned.rs:73:34
   |
LL |     require_impl_as_ref_path(path.to_owned());
   |                                  ^^^^^^^^^^^ help: remove this

error: the receiver implements the required traits
  --> $DIR/unnecessary_to_owned.rs:74:30
   |
LL |     require_impl_as_ref_str(s.to_owned());
   |                              ^^^^^^^^^^^ help: remove this

error: the receiver implements the required traits
  --> $DIR/unnecessary_to_owned.rs:75:29
   |
LL |     require_impl_as_ref_str(x.to_owned());
   |                             ^^^^^^^^^^^^ help: use: `&x`

error: the receiver implements the required traits
  --> $DIR/unnecessary_to_owned.rs:76:36
   |
LL |     require_impl_as_ref_slice(array.to_owned());
   |                                    ^^^^^^^^^^^ help: remove this

error: the receiver implements the required traits
  --> $DIR/unnecessary_to_owned.rs:77:40
   |
LL |     require_impl_as_ref_slice(array_ref.to_owned());
   |                                        ^^^^^^^^^^^ help: remove this

error: the receiver implements the required traits
  --> $DIR/unnecessary_to_owned.rs:78:36
   |
LL |     require_impl_as_ref_slice(slice.to_owned());
   |                                    ^^^^^^^^^^^ help: remove this

error: the receiver implements the required traits
  --> $DIR/unnecessary_to_owned.rs:80:31
   |
LL |     require_as_ref_str_slice(s.to_owned(), array.to_owned());
   |                               ^^^^^^^^^^^ help: remove this

error: the receiver implements the required traits
  --> $DIR/unnecessary_to_owned.rs:80:49
   |
LL |     require_as_ref_str_slice(s.to_owned(), array.to_owned());
   |                                                 ^^^^^^^^^^^ help: remove this

error: the receiver implements the required traits
  --> $DIR/unnecessary_to_owned.rs:81:31
   |
LL |     require_as_ref_str_slice(s.to_owned(), array_ref.to_owned());
   |                               ^^^^^^^^^^^ help: remove this

error: the receiver implements the required traits
  --> $DIR/unnecessary_to_owned.rs:81:53
   |
LL |     require_as_ref_str_slice(s.to_owned(), array_ref.to_owned());
   |                                                     ^^^^^^^^^^^ help: remove this

error: the receiver implements the required traits
  --> $DIR/unnecessary_to_owned.rs:82:31
   |
LL |     require_as_ref_str_slice(s.to_owned(), slice.to_owned());
   |                               ^^^^^^^^^^^ help: remove this

error: the receiver implements the required traits
  --> $DIR/unnecessary_to_owned.rs:82:49
   |
LL |     require_as_ref_str_slice(s.to_owned(), slice.to_owned());
   |                                                 ^^^^^^^^^^^ help: remove this

error: the receiver implements the required traits
  --> $DIR/unnecessary_to_owned.rs:83:35
   |
LL |     require_as_ref_slice_str(array.to_owned(), s.to_owned());
   |                                   ^^^^^^^^^^^ help: remove this

error: the receiver implements the required traits
  --> $DIR/unnecessary_to_owned.rs:83:49
   |
LL |     require_as_ref_slice_str(array.to_owned(), s.to_owned());
   |                                                 ^^^^^^^^^^^ help: remove this

error: the receiver implements the required traits
  --> $DIR/unnecessary_to_owned.rs:84:39
   |
LL |     require_as_ref_slice_str(array_ref.to_owned(), s.to_owned());
   |                                       ^^^^^^^^^^^ help: remove this

error: the receiver implements the required traits
  --> $DIR/unnecessary_to_owned.rs:84:53
   |
LL |     require_as_ref_slice_str(array_ref.to_owned(), s.to_owned());
   |                                                     ^^^^^^^^^^^ help: remove this

error: the receiver implements the required traits
  --> $DIR/unnecessary_to_owned.rs:85:35
   |
LL |     require_as_ref_slice_str(slice.to_owned(), s.to_owned());
   |                                   ^^^^^^^^^^^ help: remove this

error: the receiver implements the required traits
  --> $DIR/unnecessary_to_owned.rs:85:49
   |
LL |     require_as_ref_slice_str(slice.to_owned(), s.to_owned());
   |                                                 ^^^^^^^^^^^ help: remove this

error: the receiver implements the required traits
  --> $DIR/unnecessary_to_owned.rs:87:20
   |
LL |     let _ = x.join(&x_ref.to_string());
   |                    ^^^^^^^^^^^^^^^^^^ help: use: `x_ref`

error: aborting due to 43 previous errors

